['O=c1c2ccccc2oc2c3c(cc(O)c12)OCCC3',
 'CCC1=CN2CCC34c5ccccc5-n5c3c(cc(C(=O)O)c5=O)C1CC24',
 'OCC#Cc1ccc(OCCCN2CCCCC2)cc1',
 'Cc1ccnc(-c2c(C(C)Nc3ncnc(N)c3C#N)nc3ccccn3c2=O)c1',
 'COC(=O)c1c(C)c(-c2ccc(-c3ccccc3)cc2)nc2ccc(F)cc12',
 'COc1ccccc1S(=O)(=O)NCc1ccc(C(=O)N(C)Cc2ccc(F)cc2)cc1',
 'CC1(C)C(=N)NC2(c3cc(NC(=O)c4ccc(Cl)cn4)ccc3F)COCC2S1(=O)=O',
 'Cn1cc(S(=O)(=O)N2CCN(c3ccc(F)cc3)CC2)c(=O)n(C)c1=O',
 'COc1ccc(C2CC(c3ccc4c(c3)OCO4)=NN2C(C)=O)cc1',
 'CCN1CN(CCc2ccccc2)CN=C1S']
f1 shape: (10,)
2025-05-16 17:52:30,588 - INFO - Initial Y: [0.12403036983899465, 0.18898558206742158, 0.0026793131805036095, 0.47851377859892613, 0.004325696226031958, 0.3986015174876225, 0.5670076763294474, 0.5160402991402011, 0.1297591588118905, 0.00011530067174745525]
2025-05-16 17:52:33,190 - INFO - 
--- Iter 0 (train size=10) ---
2025-05-16 17:52:34,058 - INFO - Selected CN(C)S(=O)(=O)c1cc(NC2CC(=O)N(c3ccc(F)cc3)C2=O)ccc1Cl → EI = 0.2361
f1 shape: (1,)
2025-05-16 17:52:34,060 - INFO -   True f = 0.5388
2025-05-16 17:52:34,066 - INFO - Iter time: 0.88s
2025-05-16 17:52:34,066 - INFO - 
--- Iter 1 (train size=11) ---
2025-05-16 17:52:34,899 - INFO - Selected Cc1ccc(NC(=O)c2c(F)cccc2Cl)cc1S(=O)(=O)N1CCOCC1 → EI = 0.2441
f1 shape: (1,)
2025-05-16 17:52:34,900 - INFO -   True f = 0.4108
2025-05-16 17:52:34,907 - INFO - Iter time: 0.84s
2025-05-16 17:52:34,907 - INFO - 
--- Iter 2 (train size=12) ---
2025-05-16 17:52:35,758 - INFO - Selected Cn1c(=O)c(=O)n(C)c2cc(S(=O)(=O)NCc3ccc(Cl)cc3)ccc21 → EI = 0.2446
f1 shape: (1,)
2025-05-16 17:52:35,760 - INFO -   True f = 0.5319
2025-05-16 17:52:35,766 - INFO - Iter time: 0.86s
2025-05-16 17:52:35,766 - INFO - 
--- Iter 3 (train size=13) ---
2025-05-16 17:52:36,666 - INFO - Selected Cc1ccc(S(=O)(=O)Nc2ccc3c(c2)C(=O)N(C)C3=O)cc1 → EI = 0.2529
f1 shape: (1,)
2025-05-16 17:52:36,667 - INFO -   True f = 0.488
2025-05-16 17:52:36,673 - INFO - Iter time: 0.91s
2025-05-16 17:52:36,673 - INFO - 
--- Iter 4 (train size=14) ---
2025-05-16 17:52:37,643 - INFO - Selected CCc1ccc(NC(=O)CN(C)S(=O)(=O)c2ccc3c(c2)c(=O)n(C)c(=O)n3C)cc1 → EI = 0.2573
f1 shape: (1,)
2025-05-16 17:52:37,645 - INFO -   True f = 0.5374
2025-05-16 17:52:37,652 - INFO - Iter time: 0.98s
2025-05-16 17:52:37,652 - INFO - 
--- Iter 5 (train size=15) ---
2025-05-16 17:52:38,601 - INFO - Selected Cn1c(N)c(S(=O)(=O)NCc2ccccc2Cl)c(=O)n(C)c1=O → EI = 0.2591
f1 shape: (1,)
2025-05-16 17:52:38,603 - INFO -   True f = 0.4141
2025-05-16 17:52:38,609 - INFO - Iter time: 0.96s
2025-05-16 17:52:38,609 - INFO - 
--- Iter 6 (train size=16) ---
2025-05-16 17:52:39,632 - INFO - Selected CC(=O)NCCc1nc2cc(NS(=O)(=O)c3ccc(Cl)cc3)ccc2n1C → EI = 0.2598
f1 shape: (1,)
2025-05-16 17:52:39,633 - INFO -   True f = 0.5537
2025-05-16 17:52:39,639 - INFO - Iter time: 1.03s
2025-05-16 17:52:39,639 - INFO - 
--- Iter 7 (train size=17) ---
2025-05-16 17:52:40,672 - INFO - Selected CS(=O)(=O)c1ccc(C(=O)NS(=O)(=O)c2ccc(Cl)cc2)c(Cl)c1 → EI = 0.2668
f1 shape: (1,)
2025-05-16 17:52:40,674 - INFO -   True f = 0.4734
2025-05-16 17:52:40,680 - INFO - Iter time: 1.04s
2025-05-16 17:52:40,680 - INFO - 
--- Iter 8 (train size=18) ---
2025-05-16 17:52:41,753 - INFO - Selected O=S(=O)(Nc1cccc(Cl)c1)c1ccc(F)cc1 → EI = 0.2683
f1 shape: (1,)
2025-05-16 17:52:41,754 - INFO -   True f = 0.02058
2025-05-16 17:52:41,761 - INFO - Iter time: 1.08s
2025-05-16 17:52:41,761 - INFO - 
--- Iter 9 (train size=19) ---
2025-05-16 17:52:42,880 - INFO - Selected Cn1ccnc1C(=O)Nc1ccc(N2C(=O)c3ccc(Cl)cc3C2=O)c(Cl)c1 → EI = 0.2641
f1 shape: (1,)
2025-05-16 17:52:42,881 - INFO -   True f = 0.4645
2025-05-16 17:52:42,887 - INFO - Iter time: 1.13s
2025-05-16 17:52:42,887 - INFO - 
--- Iter 10 (train size=20) ---
2025-05-16 17:52:44,002 - INFO - Selected Cc1ccc(NC(=O)Cn2cnc3c2c(=O)n(C)c(=O)n3C)cc1C → EI = 0.2659
f1 shape: (1,)
2025-05-16 17:52:44,003 - INFO -   True f = 0.4742
2025-05-16 17:52:44,011 - INFO - Iter time: 1.12s
2025-05-16 17:52:44,011 - INFO - 
--- Iter 11 (train size=21) ---
2025-05-16 17:52:45,258 - INFO - Selected CN(C)c1c(NC(Cc2ccc(NC(=O)c3c(Cl)cncc3Cl)cc2)C(=O)O)c(=O)c1=O → EI = 0.2658
f1 shape: (1,)
2025-05-16 17:52:45,259 - INFO -   True f = 0.5595
2025-05-16 17:52:45,266 - INFO - Iter time: 1.26s
2025-05-16 17:52:45,266 - INFO - 
--- Iter 12 (train size=22) ---
2025-05-16 17:52:46,457 - INFO - Selected Cc1ccc(CS(=O)(=O)c2ncc(Cl)c(C(=O)Nc3nnc(C(C)C)s3)n2)cc1 → EI = 0.2713
f1 shape: (1,)
2025-05-16 17:52:46,458 - INFO -   True f = 0.4501
2025-05-16 17:52:46,465 - INFO - Iter time: 1.20s
2025-05-16 17:52:46,465 - INFO - 
--- Iter 13 (train size=23) ---
2025-05-16 17:52:47,787 - INFO - Selected C=CCN1C(=O)NC(=O)C(=C(C)Nc2ccc(NC(C)=O)cc2)C1=O → EI = 0.2686
f1 shape: (1,)
2025-05-16 17:52:47,789 - INFO -   True f = 0.4939
2025-05-16 17:52:47,796 - INFO - Iter time: 1.33s
2025-05-16 17:52:47,796 - INFO - 
--- Iter 14 (train size=24) ---
2025-05-16 17:52:49,081 - INFO - Selected CC(=O)C1=C(O)C(=C(O)Nc2ccc(C)cc2)C(=O)OC1=O → EI = 0.2735
f1 shape: (1,)
2025-05-16 17:52:49,082 - INFO -   True f = 0.4451
2025-05-16 17:52:49,090 - INFO - Iter time: 1.29s
2025-05-16 17:52:49,090 - INFO - 
--- Iter 15 (train size=25) ---
2025-05-16 17:52:50,414 - INFO - Selected CCOC(=O)c1c(S(=O)(=O)NCC(=O)Nc2ccc(C(C)=O)cc2)c(C)n(C)c1C → EI = 0.2741
f1 shape: (1,)
2025-05-16 17:52:50,415 - INFO -   True f = 0.4781
2025-05-16 17:52:50,423 - INFO - Iter time: 1.33s
2025-05-16 17:52:50,423 - INFO - 
--- Iter 16 (train size=26) ---
2025-05-16 17:52:51,956 - INFO - Selected CCN(CC(=O)NCc1ccc(Cl)cc1)S(=O)(=O)c1ccc(NC(C)=O)cc1 → EI = 0.275
f1 shape: (1,)
2025-05-16 17:52:51,957 - INFO -   True f = 0.5741
2025-05-16 17:52:51,965 - INFO - Iter time: 1.54s
2025-05-16 17:52:51,965 - INFO - 
--- Iter 17 (train size=27) ---
2025-05-16 17:52:53,357 - INFO - Selected CCC(=O)N1CCc2cc(Br)cc(S(=O)(=O)CCC(=O)Nc3ccc(CC)cc3)c21 → EI = 0.2752
f1 shape: (1,)
2025-05-16 17:52:53,358 - INFO -   True f = 0.5443
2025-05-16 17:52:53,367 - INFO - Iter time: 1.40s
2025-05-16 17:52:53,367 - INFO - 
--- Iter 18 (train size=28) ---
2025-05-16 17:52:54,876 - INFO - Selected Cc1cc(NC(=O)COn2nnc3ccc(S(C)(=O)=O)cc32)ccc1Br → EI = 0.2766
f1 shape: (1,)
2025-05-16 17:52:54,877 - INFO -   True f = 0.4853
2025-05-16 17:52:54,886 - INFO - Iter time: 1.52s
2025-05-16 17:52:54,886 - INFO - 
--- Iter 19 (train size=29) ---
2025-05-16 17:52:56,435 - INFO - Selected CCc1ccc(NC(=O)C2CCN(S(=O)(=O)c3c(C)nc(O)nc3O)CC2)cc1 → EI = 0.2779
f1 shape: (1,)
2025-05-16 17:52:56,437 - INFO -   True f = 0.5983
2025-05-16 17:52:56,446 - INFO - Iter time: 1.56s
2025-05-16 17:52:56,446 - INFO - 
--- Iter 20 (train size=30) ---
2025-05-16 17:52:57,962 - INFO - Selected O=C(Cn1c(=O)ccc2cc(S(=O)(=O)N3CCCC3)ccc21)Nc1ccc(Cl)cc1 → EI = 0.2701
f1 shape: (1,)
2025-05-16 17:52:57,963 - INFO -   True f = 0.6101
2025-05-16 17:52:57,972 - INFO - Iter time: 1.53s
2025-05-16 17:52:57,972 - INFO - 
--- Iter 21 (train size=31) ---
2025-05-16 17:52:59,623 - INFO - Selected O=C(Nc1ccc(Cl)cc1)C1CCCN(S(=O)(=O)c2c[nH]cn2)C1 → EI = 0.2688
f1 shape: (1,)
2025-05-16 17:52:59,625 - INFO -   True f = 0.5808
2025-05-16 17:52:59,634 - INFO - Iter time: 1.66s
2025-05-16 17:52:59,634 - INFO - 
--- Iter 22 (train size=32) ---
2025-05-16 17:53:01,356 - INFO - Selected COCc1nc(N(C)C)ncc1C(=O)Nc1ccc(Cl)cc1 → EI = 0.2737
f1 shape: (1,)
2025-05-16 17:53:01,357 - INFO -   True f = 0.2141
2025-05-16 17:53:01,366 - INFO - Iter time: 1.73s
2025-05-16 17:53:01,366 - INFO - 
--- Iter 23 (train size=33) ---
2025-05-16 17:53:03,083 - INFO - Selected Cc1ccc(CNC(=O)c2oc3ccc(S(=O)(=O)N4CCCC(C)C4)cc3c2C)cc1 → EI = 0.2682
f1 shape: (1,)
2025-05-16 17:53:03,084 - INFO -   True f = 0.4927
2025-05-16 17:53:03,094 - INFO - Iter time: 1.73s
2025-05-16 17:53:03,094 - INFO - 
--- Iter 24 (train size=34) ---
2025-05-16 17:53:04,734 - INFO - Selected CC(=O)Nc1ccc(S(=O)(=O)N2CCOC(Cn3ccnc3)C2)cc1 → EI = 0.2675
f1 shape: (1,)
2025-05-16 17:53:04,736 - INFO -   True f = 0.581
2025-05-16 17:53:04,745 - INFO - Iter time: 1.65s
2025-05-16 17:53:04,745 - INFO - 
--- Iter 25 (train size=35) ---
2025-05-16 17:53:06,646 - INFO - Selected CC(=O)Nc1ccc(S(=O)(=O)N2CCC(C(=O)NC3CCCC3)CC2)cc1 → EI = 0.2719
f1 shape: (1,)
2025-05-16 17:53:06,647 - INFO -   True f = 0.5992
2025-05-16 17:53:06,657 - INFO - Iter time: 1.91s
2025-05-16 17:53:06,657 - INFO - 
--- Iter 26 (train size=36) ---
2025-05-16 17:53:08,351 - INFO - Selected Cc1ccc(C)c(NC(=O)COC(=O)c2ccc(S(=O)(=O)N3CCCC3)cc2)c1 → EI = 0.2766
f1 shape: (1,)
2025-05-16 17:53:08,352 - INFO -   True f = 0.5796
2025-05-16 17:53:08,362 - INFO - Iter time: 1.70s
2025-05-16 17:53:08,362 - INFO - 
--- Iter 27 (train size=37) ---
2025-05-16 17:53:10,309 - INFO - Selected CCOCC(=O)Nc1ccc(S(=O)(=O)N2CCC(c3nc4ccccc4[nH]3)CC2)cc1 → EI = 0.2753
f1 shape: (1,)
2025-05-16 17:53:10,311 - INFO -   True f = 0.6336
2025-05-16 17:53:10,321 - INFO - Iter time: 1.96s
2025-05-16 17:53:10,321 - INFO - 
--- Iter 28 (train size=38) ---
2025-05-16 17:53:12,144 - INFO - Selected COC1CCN(S(=O)(=O)c2ccc(CNC(=O)c3cnc4[nH]ncc4c3)cc2)CC1 → EI = 0.2703
f1 shape: (1,)
2025-05-16 17:53:12,146 - INFO -   True f = 0.5775
2025-05-16 17:53:12,157 - INFO - Iter time: 1.84s
2025-05-16 17:53:12,157 - INFO - 
--- Iter 29 (train size=39) ---
2025-05-16 17:53:14,066 - INFO - Selected NC(=O)c1ccc(NC(=O)CN2CCN(S(=O)(=O)c3ccc4c(c3)OCCO4)CC2)cc1 → EI = 0.268
f1 shape: (1,)
2025-05-16 17:53:14,068 - INFO -   True f = 0.6405
2025-05-16 17:53:14,079 - INFO - Iter time: 1.92s
2025-05-16 17:53:14,079 - INFO - 
--- Iter 30 (train size=40) ---
2025-05-16 17:53:16,137 - INFO - Selected Nc1ccc(C(=O)N2CCN(S(=O)(=O)c3ccc(Cl)cc3)CC2)cc1[N+](=O)[O-] → EI = 0.2681
f1 shape: (1,)
2025-05-16 17:53:16,139 - INFO -   True f = 0.6103
2025-05-16 17:53:16,149 - INFO - Iter time: 2.07s
2025-05-16 17:53:16,149 - INFO - 
--- Iter 31 (train size=41) ---
2025-05-16 17:53:18,219 - INFO - Selected CCOC(=O)c1c(NC(=O)c2ccc(S(=O)(=O)N3CCC(C)CC3)cc2)sc2c1CCN(CC)C2 → EI = 0.2699
f1 shape: (1,)
2025-05-16 17:53:18,221 - INFO -   True f = 0.6045
2025-05-16 17:53:18,232 - INFO - Iter time: 2.08s
2025-05-16 17:53:18,232 - INFO - 
--- Iter 32 (train size=42) ---
2025-05-16 17:53:20,227 - INFO - Selected Cc1ccc(S(=O)(=O)N2CCC(C(=O)OCC(=O)NC(C)c3ccc(F)cc3)CC2)cc1C → EI = 0.2708
f1 shape: (1,)
2025-05-16 17:53:20,229 - INFO -   True f = 0.6297
2025-05-16 17:53:20,240 - INFO - Iter time: 2.01s
2025-05-16 17:53:20,240 - INFO - 
--- Iter 33 (train size=43) ---
2025-05-16 17:53:22,420 - INFO - Selected CSCCC(NC(=O)c1cccc(S(=O)(=O)N2CCN(C(C)=O)CC2)c1)c1nc2ccccc2[nH]1 → EI = 0.2703
f1 shape: (1,)
2025-05-16 17:53:22,422 - INFO -   True f = 0.604
2025-05-16 17:53:22,433 - INFO - Iter time: 2.19s
2025-05-16 17:53:22,433 - INFO - 
--- Iter 34 (train size=44) ---
2025-05-16 17:53:24,519 - INFO - Selected CCN1CCN(S(=O)(=O)c2ccc(Cl)c(C(=O)N(C)Cc3cccc(Cl)c3Cl)c2)CC1 → EI = 0.2738
f1 shape: (1,)
2025-05-16 17:53:24,520 - INFO -   True f = 0.1454
2025-05-16 17:53:24,531 - INFO - Iter time: 2.10s
2025-05-16 17:53:24,531 - INFO - 
--- Iter 35 (train size=45) ---
2025-05-16 17:53:26,783 - INFO - Selected NC(=O)c1c(NC(=O)c2ccc([N+](=O)[O-])s2)sc2c1CCN(S(=O)(=O)c1ccc(Br)cc1)C2 → EI = 0.2713
f1 shape: (1,)
2025-05-16 17:53:26,784 - INFO -   True f = 0.5172
2025-05-16 17:53:26,796 - INFO - Iter time: 2.26s
2025-05-16 17:53:26,797 - INFO - 
--- Iter 36 (train size=46) ---
2025-05-16 17:53:29,082 - INFO - Selected CC(=O)c1ccc(NC(=O)NC(C)c2ccc3c(c2)CC(=O)N3)cc1 → EI = 0.2707
f1 shape: (1,)
2025-05-16 17:53:29,084 - INFO -   True f = 0.5477
2025-05-16 17:53:29,096 - INFO - Iter time: 2.30s
2025-05-16 17:53:29,096 - INFO - 
--- Iter 37 (train size=47) ---
2025-05-16 17:53:31,305 - INFO - Selected Cc1cc(NS(=O)(=O)c2ccc(NC(=O)c3ccc([N+](=O)[O-])cc3)cc2)nc(C)n1 → EI = 0.2682
f1 shape: (1,)
2025-05-16 17:53:31,306 - INFO -   True f = 0.5207
2025-05-16 17:53:31,319 - INFO - Iter time: 2.22s
2025-05-16 17:53:31,319 - INFO - 
--- Iter 38 (train size=48) ---
2025-05-16 17:53:33,664 - INFO - Selected Cc1ccc(C=Cc2onc(C)c2S(=O)(=O)N2CCC(C(=O)Nc3ccc(OC(F)(F)F)cc3)CC2)cc1 → EI = 0.2687
f1 shape: (1,)
2025-05-16 17:53:33,666 - INFO -   True f = 0.4573
2025-05-16 17:53:33,678 - INFO - Iter time: 2.36s
2025-05-16 17:53:33,678 - INFO - 
--- Iter 39 (train size=49) ---
2025-05-16 17:53:35,962 - INFO - Selected COc1ccc(Cl)cc1S(=O)(=O)N1CCOc2ccc(C(=O)Nc3ccc(C(=O)O)cc3)cc21 → EI = 0.2675
f1 shape: (1,)
2025-05-16 17:53:35,964 - INFO -   True f = 0.5928
2025-05-16 17:53:35,976 - INFO - Iter time: 2.30s
2025-05-16 17:53:35,977 - INFO - 
--- Iter 40 (train size=50) ---
2025-05-16 17:53:38,288 - INFO - Selected Cc1cc(N2CCC(N3CCCC3C)C2)ccc1NC(=O)c1ccc(C)c(S(C)(=O)=O)c1 → EI = 0.2684
f1 shape: (1,)
2025-05-16 17:53:38,290 - INFO -   True f = 0.3298
2025-05-16 17:53:38,304 - INFO - Iter time: 2.33s
2025-05-16 17:53:38,304 - INFO - 
--- Iter 41 (train size=51) ---
2025-05-16 17:53:40,614 - INFO - Selected CCOC(=O)c1ccc(NC(=O)CN2C(=O)CNC2=O)cc1 → EI = 0.2684
f1 shape: (1,)
2025-05-16 17:53:40,615 - INFO -   True f = 0.5106
2025-05-16 17:53:40,630 - INFO - Iter time: 2.33s
2025-05-16 17:53:40,630 - INFO - 
--- Iter 42 (train size=52) ---
2025-05-16 17:53:43,104 - INFO - Selected CC(=O)Nc1ccc(S(=O)(=O)NC(C)C(=O)OCc2ccc(Cl)cc2)cc1 → EI = 0.2679
f1 shape: (1,)
2025-05-16 17:53:43,106 - INFO -   True f = 0.5101
2025-05-16 17:53:43,121 - INFO - Iter time: 2.49s
2025-05-16 17:53:43,121 - INFO - 
--- Iter 43 (train size=53) ---
2025-05-16 17:53:45,644 - INFO - Selected COc1ccc(NC(=O)CCNS(=O)(=O)c2ccc(C(=N)N)cc2)cc1OC → EI = 0.2662
f1 shape: (1,)
2025-05-16 17:53:45,646 - INFO -   True f = 0.5362
2025-05-16 17:53:45,662 - INFO - Iter time: 2.54s
2025-05-16 17:53:45,662 - INFO - 
--- Iter 44 (train size=54) ---
2025-05-16 17:53:48,274 - INFO - Selected CCOc1ccc(NC(=O)CSc2nnc3c(n2)[nH]c2ccc(S(=O)(=O)N4CCOCC4)cc23)cc1 → EI = 0.2666
f1 shape: (1,)
2025-05-16 17:53:48,275 - INFO -   True f = 0.5688
2025-05-16 17:53:48,290 - INFO - Iter time: 2.63s
2025-05-16 17:53:48,290 - INFO - 
--- Iter 45 (train size=55) ---
2025-05-16 17:53:50,771 - INFO - Selected Cc1cccc(NC(=O)COC(=O)CCc2ccc(S(=O)(=O)N3CCOCC3)cc2)c1C → EI = 0.2675
f1 shape: (1,)
2025-05-16 17:53:50,772 - INFO -   True f = 0.6215
2025-05-16 17:53:50,789 - INFO - Iter time: 2.50s
2025-05-16 17:53:50,789 - INFO - 
--- Iter 46 (train size=56) ---
2025-05-16 17:53:53,330 - INFO - Selected COc1ccc(CCNC(=O)CN2C(=O)CSc3ccc(S(=O)(=O)N4CCOCC4)cc32)cc1OC → EI = 0.2692
f1 shape: (1,)
2025-05-16 17:53:53,332 - INFO -   True f = 0.6002
2025-05-16 17:53:53,347 - INFO - Iter time: 2.56s
2025-05-16 17:53:53,347 - INFO - 
--- Iter 47 (train size=57) ---
2025-05-16 17:53:56,044 - INFO - Selected CC(C)C(=O)Nc1nc(-c2ccc(S(=O)(=O)N3CCOCC3)cc2)cs1 → EI = 0.2709
f1 shape: (1,)
2025-05-16 17:53:56,046 - INFO -   True f = 0.5773
2025-05-16 17:53:56,062 - INFO - Iter time: 2.72s
2025-05-16 17:53:56,063 - INFO - 
--- Iter 48 (train size=58) ---
2025-05-16 17:53:58,773 - INFO - Selected COc1cccc(OC)c1-c1ccc(CC(Nc2ccc(S(=O)(=O)N3CCCC3)cc2)C(=O)O)cc1 → EI = 0.2719
f1 shape: (1,)
2025-05-16 17:53:58,774 - INFO -   True f = 0.6483
2025-05-16 17:53:58,791 - INFO - Iter time: 2.73s
2025-05-16 17:53:58,791 - INFO - 
--- Iter 49 (train size=59) ---
2025-05-16 17:54:01,548 - INFO - Selected COc1ccc(C)cc1NC(=O)Cn1c(=O)oc2cc(S(=O)(=O)N3CCCCC3)ccc21 → EI = 0.2672
f1 shape: (1,)
2025-05-16 17:54:01,549 - INFO -   True f = 0.5877
2025-05-16 17:54:01,568 - INFO - Iter time: 2.78s
2025-05-16 17:54:01,568 - INFO - 
--- Iter 50 (train size=60) ---
2025-05-16 17:54:04,265 - INFO - Selected COc1cc(N2CCN(C)CC2)ccc1Nc1nc(N)n(C(=O)NCc2ccc(S(C)(=O)=O)cc2)n1 → EI = 0.2678
f1 shape: (1,)
2025-05-16 17:54:04,267 - INFO -   True f = 0.5439
2025-05-16 17:54:04,284 - INFO - Iter time: 2.72s
2025-05-16 17:54:04,284 - INFO - 
--- Iter 51 (train size=61) ---
2025-05-16 17:54:07,142 - INFO - Selected O=C(NCc1ccc(S(=O)(=O)N2CCCCC2)cc1)c1cc2ccncc2s1 → EI = 0.2687
f1 shape: (1,)
2025-05-16 17:54:07,143 - INFO -   True f = 0.4965
2025-05-16 17:54:07,161 - INFO - Iter time: 2.88s
2025-05-16 17:54:07,161 - INFO - 
--- Iter 52 (train size=62) ---
2025-05-16 17:54:10,063 - INFO - Selected COc1ccc(CC(=O)OCC(=O)Nc2cc(S(=O)(=O)N3CCOCC3)ccc2N2CCCC2)cc1 → EI = 0.267
f1 shape: (1,)
2025-05-16 17:54:10,065 - INFO -   True f = 0.6002
2025-05-16 17:54:10,082 - INFO - Iter time: 2.92s
2025-05-16 17:54:10,082 - INFO - 
--- Iter 53 (train size=63) ---
2025-05-16 17:54:13,162 - INFO - Selected O=C(Nc1cccc(S(=O)(=O)N2CCOCC2)c1)c1ccc2c(=O)n3c(nc2c1)CCCCC3 → EI = 0.267
f1 shape: (1,)
2025-05-16 17:54:13,164 - INFO -   True f = 0.6482
2025-05-16 17:54:13,182 - INFO - Iter time: 3.10s
2025-05-16 17:54:13,182 - INFO - 
--- Iter 54 (train size=64) ---
2025-05-16 17:54:16,020 - INFO - Selected CCN(CC)S(=O)(=O)c1ccc(N2CCOCC2)c(NC(=O)c2ccc(O)nc2)c1 → EI = 0.2691
f1 shape: (1,)
2025-05-16 17:54:16,021 - INFO -   True f = 0.6197
2025-05-16 17:54:16,039 - INFO - Iter time: 2.86s
2025-05-16 17:54:16,039 - INFO - 
--- Iter 55 (train size=65) ---
2025-05-16 17:54:19,071 - INFO - Selected Cc1c(NS(C)(=O)=O)cccc1-c1nc(Nc2ccc(C(=O)N3CCOCC3)cc2)c2nc[nH]c2n1 → EI = 0.2713
f1 shape: (1,)
2025-05-16 17:54:19,073 - INFO -   True f = 0.5567
2025-05-16 17:54:19,091 - INFO - Iter time: 3.05s
2025-05-16 17:54:19,091 - INFO - 
--- Iter 56 (train size=66) ---
2025-05-16 17:54:22,021 - INFO - Selected CCOC(=O)c1ccc(NC(=O)C2CCC(CNc3c(N4CCOCC4)c(=O)c3=O)CC2)cc1 → EI = 0.2719
f1 shape: (1,)
2025-05-16 17:54:22,023 - INFO -   True f = 0.6083
2025-05-16 17:54:22,042 - INFO - Iter time: 2.95s
2025-05-16 17:54:22,042 - INFO - 
--- Iter 57 (train size=67) ---
2025-05-16 17:54:24,980 - INFO - Selected CCc1nc(N)nc(N2CCOCC2)c1-c1ccc(NCc2ccc(S(C)(=O)=O)cc2)cc1 → EI = 0.2745
f1 shape: (1,)
2025-05-16 17:54:24,981 - INFO -   True f = 0.6202
2025-05-16 17:54:25,001 - INFO - Iter time: 2.96s
2025-05-16 17:54:25,001 - INFO - 
--- Iter 58 (train size=68) ---
2025-05-16 17:54:28,090 - INFO - Selected CCCC(=O)NC(C(=O)NCCS(N)(=O)=O)c1nc2ccc(-c3ccc(C(=O)N4CCOCC4)cc3)cc2s1 → EI = 0.2759
f1 shape: (1,)
2025-05-16 17:54:28,092 - INFO -   True f = 0.6269
2025-05-16 17:54:28,113 - INFO - Iter time: 3.11s
2025-05-16 17:54:28,113 - INFO - 
--- Iter 59 (train size=69) ---
2025-05-16 17:54:31,281 - INFO - Selected CC1CCCCC12NC(=O)N(CC(=O)Nc1ccc(N3CCOCC3)cc1)C2=O → EI = 0.2743
f1 shape: (1,)
2025-05-16 17:54:31,283 - INFO -   True f = 0.6223
2025-05-16 17:54:31,304 - INFO - Iter time: 3.19s
2025-05-16 17:54:31,304 - INFO - 
--- Iter 60 (train size=70) ---
2025-05-16 17:54:34,353 - INFO - Selected COc1ccc(OCC(=O)Nc2ccc(N3CCOCC3)cc2)c([N+](=O)[O-])c1 → EI = 0.275
f1 shape: (1,)
2025-05-16 17:54:34,354 - INFO -   True f = 0.5916
2025-05-16 17:54:34,376 - INFO - Iter time: 3.07s
2025-05-16 17:54:34,376 - INFO - 
--- Iter 61 (train size=71) ---
2025-05-16 17:54:37,836 - INFO - Selected CC(C)C(C)NC(=O)COc1ccc(S(=O)(=O)N2CCOCC2)cc1[N+](=O)[O-] → EI = 0.2728
f1 shape: (1,)
2025-05-16 17:54:37,838 - INFO -   True f = 0.5445
2025-05-16 17:54:37,860 - INFO - Iter time: 3.48s
2025-05-16 17:54:37,860 - INFO - 
--- Iter 62 (train size=72) ---
2025-05-16 17:54:40,992 - INFO - Selected COc1ccc(NC(=O)CNc2cc(S(=O)(=O)N3CCOCC3)ccc2N2CCOCC2)c(OC)c1 → EI = 0.273
f1 shape: (1,)
2025-05-16 17:54:40,994 - INFO -   True f = 0.6103
2025-05-16 17:54:41,016 - INFO - Iter time: 3.16s
2025-05-16 17:54:41,016 - INFO - 
--- Iter 63 (train size=73) ---
2025-05-16 17:54:44,227 - INFO - Selected CC1CCN(C(=O)c2ccc(S(=O)(=O)N3CCOCC3)cc2)CC1 → EI = 0.2716
f1 shape: (1,)
2025-05-16 17:54:44,228 - INFO -   True f = 0.2491
2025-05-16 17:54:44,251 - INFO - Iter time: 3.23s
2025-05-16 17:54:44,251 - INFO - 
--- Iter 64 (train size=74) ---
2025-05-16 17:54:47,596 - INFO - Selected CC(C)Oc1cc(C(=O)O)cc(NC(=O)c2nc3c(s2)CN(C(C)C)CC3)c1CCC(=O)Nc1ccc(Cl)cc1 → EI = 0.2743
f1 shape: (1,)
2025-05-16 17:54:47,598 - INFO -   True f = 0.3243
2025-05-16 17:54:47,621 - INFO - Iter time: 3.37s
2025-05-16 17:54:47,621 - INFO - 
--- Iter 65 (train size=75) ---
2025-05-16 17:54:51,202 - INFO - Selected CCOC(=O)C(Cc1ccc(NC(=O)c2c(Cl)cncc2Cl)cc1)NC(=O)C1CC(NC2CCC2)CN1S(=O)(=O)c1cccc(C#N)c1 → EI = 0.2719
f1 shape: (1,)
2025-05-16 17:54:51,204 - INFO -   True f = 0.6194
2025-05-16 17:54:51,227 - INFO - Iter time: 3.61s
2025-05-16 17:54:51,227 - INFO - 
--- Iter 66 (train size=76) ---
2025-05-16 17:54:54,499 - INFO - Selected CC(=O)Nc1ccc(COc2cc(C(=O)NCC3CCN(c4ccncc4)CC3)ccc2F)cc1 → EI = 0.2721
f1 shape: (1,)
2025-05-16 17:54:54,501 - INFO -   True f = 0.5979
2025-05-16 17:54:54,525 - INFO - Iter time: 3.30s
2025-05-16 17:54:54,525 - INFO - 
--- Iter 67 (train size=77) ---
2025-05-16 17:54:57,859 - INFO - Selected CC(=O)N1CCN(C(=O)c2cc(CSc3cnc(NC(=O)c4ccc(N(C)C)cc4)s3)ccc2[N+](=O)[O-])CC1 → EI = 0.2726
f1 shape: (1,)
2025-05-16 17:54:57,860 - INFO -   True f = 0.6121
2025-05-16 17:54:57,884 - INFO - Iter time: 3.36s
2025-05-16 17:54:57,884 - INFO - 
--- Iter 68 (train size=78) ---
2025-05-16 17:55:01,447 - INFO - Selected COc1cc(OC)cc(C(=O)Nc2ccc(N3CCN(C(=O)c4cccs4)CC3)cc2)c1 → EI = 0.2731
f1 shape: (1,)
2025-05-16 17:55:01,449 - INFO -   True f = 0.3606
2025-05-16 17:55:01,473 - INFO - Iter time: 3.59s
2025-05-16 17:55:01,474 - INFO - 
--- Iter 69 (train size=79) ---
2025-05-16 17:55:04,862 - INFO - Selected CCCNS(=O)(=O)c1ccc(NC(=O)Nc2ncnc3c2ncn3C2OC(C(=O)NCC)C(O)C2O)cc1 → EI = 0.271
f1 shape: (1,)
2025-05-16 17:55:04,864 - INFO -   True f = 0.5346
2025-05-16 17:55:04,890 - INFO - Iter time: 3.42s
2025-05-16 17:55:04,890 - INFO - 
--- Iter 70 (train size=80) ---
2025-05-16 17:55:08,697 - INFO - Selected CCCCNC(=O)NS(=O)(=O)c1ccc(NC(=O)CSc2ncnc3scc(-c4ccc(C)cc4)c23)cc1 → EI = 0.2706
f1 shape: (1,)
2025-05-16 17:55:08,699 - INFO -   True f = 0.4444
2025-05-16 17:55:08,726 - INFO - Iter time: 3.84s
2025-05-16 17:55:08,727 - INFO - 
--- Iter 71 (train size=81) ---
2025-05-16 17:55:12,211 - INFO - Selected O=C(CNc1ccc(C(F)(F)F)cc1)Nc1cccc(S(=O)(=O)N2CCCC2)c1 → EI = 0.2706
f1 shape: (1,)
2025-05-16 17:55:12,213 - INFO -   True f = 0.4788
2025-05-16 17:55:12,239 - INFO - Iter time: 3.51s
2025-05-16 17:55:12,239 - INFO - 
--- Iter 72 (train size=82) ---
2025-05-16 17:55:15,908 - INFO - Selected CC(=O)Nc1ccc(CC(NC(=O)N2CCC(n3c(=O)[nH]c4ccccc43)CC2)C(=O)N2CCC(N3CCCCC3)CC2)cc1 → EI = 0.2697
f1 shape: (1,)
2025-05-16 17:55:15,910 - INFO -   True f = 0.6745
2025-05-16 17:55:15,938 - INFO - Iter time: 3.70s
2025-05-16 17:55:15,938 - INFO - 
--- Iter 73 (train size=83) ---
2025-05-16 17:55:19,683 - INFO - Selected CCCc1nc(SC)c(C(=O)O)n1Cc1ccc(-c2ccccc2S(=O)(=O)NC(=O)NC2CCCCC2)cc1 → EI = 0.2596
f1 shape: (1,)
2025-05-16 17:55:19,684 - INFO -   True f = 0.4812
2025-05-16 17:55:19,713 - INFO - Iter time: 3.77s
2025-05-16 17:55:19,713 - INFO - 
--- Iter 74 (train size=84) ---
2025-05-16 17:55:23,520 - INFO - Selected O=C(CC1C(=O)Nc2ccccc2N1CC(=O)N1CCCC1)Nc1ccc(Br)cc1 → EI = 0.2596
f1 shape: (1,)
2025-05-16 17:55:23,522 - INFO -   True f = 0.5924
2025-05-16 17:55:23,551 - INFO - Iter time: 3.84s
2025-05-16 17:55:23,551 - INFO - 
--- Iter 75 (train size=85) ---
2025-05-16 17:55:27,582 - INFO - Selected CCc1ccc(NC(=O)C(=O)c2cn(CC(=O)N3CCCCC3)c3ccccc23)cc1 → EI = 0.2599
f1 shape: (1,)
2025-05-16 17:55:27,584 - INFO -   True f = 0.3748
2025-05-16 17:55:27,613 - INFO - Iter time: 4.06s
2025-05-16 17:55:27,613 - INFO - 
--- Iter 76 (train size=86) ---
2025-05-16 17:55:31,323 - INFO - Selected CC(C)(C)c1ccc(-c2ccc(S(=O)(=O)N3CCCC3C(=O)NC(C#N)CC(N)=O)cc2)cc1 → EI = 0.2595
f1 shape: (1,)
2025-05-16 17:55:31,325 - INFO -   True f = 0.6319
2025-05-16 17:55:31,354 - INFO - Iter time: 3.74s
2025-05-16 17:55:31,354 - INFO - 
--- Iter 77 (train size=87) ---
2025-05-16 17:55:35,242 - INFO - Selected Cc1ccc(S(=O)(=O)N2CCCC2CNC(=O)C(=O)NCc2ccccn2)cc1 → EI = 0.2623
f1 shape: (1,)
2025-05-16 17:55:35,243 - INFO -   True f = 0.6055
2025-05-16 17:55:35,275 - INFO - Iter time: 3.92s
2025-05-16 17:55:35,275 - INFO - 
--- Iter 78 (train size=88) ---
2025-05-16 17:55:39,246 - INFO - Selected CC(C(=O)NCCN)N1CCC(NS(=O)(=O)c2ccc3cc(Cl)ccc3c2)C1=O → EI = 0.2623
f1 shape: (1,)
2025-05-16 17:55:39,248 - INFO -   True f = 0.5908
2025-05-16 17:55:39,278 - INFO - Iter time: 4.00s
2025-05-16 17:55:39,278 - INFO - 
--- Iter 79 (train size=89) ---
2025-05-16 17:55:43,082 - INFO - Selected CC(=O)N1c2ccc(S(=O)(=O)NCC3CCC(C(=O)NCc4ccc(C)o4)CC3)cc2CC1C → EI = 0.2645
f1 shape: (1,)
2025-05-16 17:55:43,084 - INFO -   True f = 0.6154
2025-05-16 17:55:43,116 - INFO - Iter time: 3.84s
2025-05-16 17:55:43,116 - INFO - 
--- Iter 80 (train size=90) ---
2025-05-16 17:55:47,173 - INFO - Selected Cc1ccc(CCNS(=O)(=O)c2ccc3c(c2)CCN3C(=O)CCC(=O)O)cc1 → EI = 0.2675
f1 shape: (1,)
2025-05-16 17:55:47,175 - INFO -   True f = 0.6024
2025-05-16 17:55:47,208 - INFO - Iter time: 4.09s
2025-05-16 17:55:47,208 - INFO - 
--- Iter 81 (train size=91) ---
2025-05-16 17:55:51,286 - INFO - Selected Cc1ccc(S(=O)(=O)N2C(=O)CCC2C(=O)NCc2ccco2)cc1 → EI = 0.2677
f1 shape: (1,)
2025-05-16 17:55:51,287 - INFO -   True f = 0.552
2025-05-16 17:55:51,321 - INFO - Iter time: 4.11s
2025-05-16 17:55:51,321 - INFO - 
--- Iter 82 (train size=92) ---
2025-05-16 17:55:55,612 - INFO - Selected O=C(NCCCN1CCOCC1)C(=O)C(Cc1ccccc1)NC(=O)C1CCN(S(=O)(=O)c2ccc3ccccc3c2)CC1 → EI = 0.2653
f1 shape: (1,)
2025-05-16 17:55:55,614 - INFO -   True f = 0.686
2025-05-16 17:55:55,647 - INFO - Iter time: 4.33s
2025-05-16 17:55:55,647 - INFO - 
--- Iter 83 (train size=93) ---
2025-05-16 17:55:59,816 - INFO - Selected COc1ccccc1Oc1c(NS(=O)(=O)c2ccc(C(C)C)cn2)nc(N2CCOCC2)nc1OCCNS(=O)(=O)c1ccc(C)cc1 → EI = 0.261
f1 shape: (1,)
2025-05-16 17:55:59,818 - INFO -   True f = 0.5711
2025-05-16 17:55:59,853 - INFO - Iter time: 4.21s
2025-05-16 17:55:59,854 - INFO - 
--- Iter 84 (train size=94) ---
2025-05-16 17:56:03,848 - INFO - Selected CCCC1C(=O)N(C(Cc2ccc3ccccc3c2)C(=O)NC)CCN1C(=O)C(Cc1ccc(F)cc1)NC(=O)C1CCCCN1 → EI = 0.2608
f1 shape: (1,)
2025-05-16 17:56:03,851 - INFO -   True f = 0.6621
2025-05-16 17:56:03,886 - INFO - Iter time: 4.03s
2025-05-16 17:56:03,886 - INFO - 
--- Iter 85 (train size=95) ---
2025-05-16 17:56:08,123 - INFO - Selected N=C(N)N1CCCC(CNC(=O)CNS(=O)(=O)c2ccc3ccccc3c2)C1 → EI = 0.2635
f1 shape: (1,)
2025-05-16 17:56:08,125 - INFO -   True f = 0.6176
2025-05-16 17:56:08,160 - INFO - Iter time: 4.27s
2025-05-16 17:56:08,160 - INFO - 
--- Iter 86 (train size=96) ---
2025-05-16 17:56:12,402 - INFO - Selected CC(C)(C)NC(=O)C1CCCN1CC(O)C1Cc2ccc(cc2)OCCCOc2cc3ccccc3cc2C(=O)NC(CC(N)=O)C(=O)N1 → EI = 0.2643
f1 shape: (1,)
2025-05-16 17:56:12,404 - INFO -   True f = 0.6469
2025-05-16 17:56:12,442 - INFO - Iter time: 4.28s
2025-05-16 17:56:12,442 - INFO - 
--- Iter 87 (train size=97) ---
2025-05-16 17:56:16,562 - INFO - Selected Cn1cncc1CN1C(=O)C(N(CC(=O)NC(C)(C)C)S(=O)(=O)c2ccc3c(c2)OCCCO3)Cc2cc(C#N)ccc21 → EI = 0.2674
f1 shape: (1,)
2025-05-16 17:56:16,564 - INFO -   True f = 0.5791
2025-05-16 17:56:16,601 - INFO - Iter time: 4.16s
2025-05-16 17:56:16,601 - INFO - 
--- Iter 88 (train size=98) ---
2025-05-16 17:56:20,961 - INFO - Selected O=C(Nc1ccc(CC(NC(=O)C2CCC(=O)N2Cc2ccccc2)C(=O)O)cc1)c1cc(F)c(F)cc1F → EI = 0.2655
f1 shape: (1,)
2025-05-16 17:56:20,962 - INFO -   True f = 0.6434
2025-05-16 17:56:21,002 - INFO - Iter time: 4.40s
2025-05-16 17:56:21,002 - INFO - 
--- Iter 89 (train size=99) ---
2025-05-16 17:56:25,697 - INFO - Selected CS(=O)(=O)NC(C(=O)N1CCCC1C(=O)NCc1ccc(CN)cc1)C(c1ccccc1)c1ccccc1 → EI = 0.2681
f1 shape: (1,)
2025-05-16 17:56:25,698 - INFO -   True f = 0.6879
2025-05-16 17:56:25,737 - INFO - Iter time: 4.74s
2025-05-16 17:56:25,737 - INFO - 
--- Iter 90 (train size=100) ---
2025-05-16 17:56:30,253 - INFO - Selected CC(C)CC(NC(=O)C1CCCN1C(=O)C(N)Cc1ccc(O)cc1)C(=O)NC(Cc1ccccc1)C(N)=O → EI = 0.2739
f1 shape: (1,)
2025-05-16 17:56:30,254 - INFO -   True f = 0.6072
2025-05-16 17:56:30,293 - INFO - Iter time: 4.56s
2025-05-16 17:56:30,293 - INFO - 
--- Iter 91 (train size=101) ---
2025-05-16 17:56:34,608 - INFO - Selected Cc1ccc(S(=O)(=O)NC(Cc2ccccc2)C(=O)N2CCCC2C(=O)O)cc1 → EI = 0.2734
f1 shape: (1,)
2025-05-16 17:56:34,609 - INFO -   True f = 0.6394
2025-05-16 17:56:34,649 - INFO - Iter time: 4.36s
2025-05-16 17:56:34,649 - INFO - 
--- Iter 92 (train size=102) ---
2025-05-16 17:56:39,200 - INFO - Selected O=C(O)C(Cc1ccc(-c2ccccc2)cc1)NC(=O)C1CCCN1S(=O)(=O)c1cc(Cl)cc(Cl)c1 → EI = 0.2711
f1 shape: (1,)
2025-05-16 17:56:39,201 - INFO -   True f = 0.6144
2025-05-16 17:56:39,241 - INFO - Iter time: 4.59s
2025-05-16 17:56:39,241 - INFO - 
--- Iter 93 (train size=103) ---
2025-05-16 17:56:43,845 - INFO - Selected N=C(N)CC1CCC(NC(=O)C2CCCN2C(=O)C(Cc2ccccc2)NS(=O)(=O)Cc2ccccc2)CC1 → EI = 0.2691
f1 shape: (1,)
2025-05-16 17:56:43,847 - INFO -   True f = 0.6348
2025-05-16 17:56:43,888 - INFO - Iter time: 4.65s
2025-05-16 17:56:43,888 - INFO - 
--- Iter 94 (train size=104) ---
2025-05-16 17:56:48,744 - INFO - Selected CCc1ccc(S(=O)(=O)NC2c3cc(NC(=O)C4CCCN4Cc4ccc(C(F)(F)F)cc4)ccc3CCC2O)cc1 → EI = 0.2694
f1 shape: (1,)
2025-05-16 17:56:48,746 - INFO -   True f = 0.5151
2025-05-16 17:56:48,786 - INFO - Iter time: 4.90s
2025-05-16 17:56:48,786 - INFO - 
--- Iter 95 (train size=105) ---
2025-05-16 17:56:53,535 - INFO - Selected CN1CCN(C(=O)NC(Cc2cccnc2)C(=O)NC(C=CS(=O)(=O)c2ccccc2)CCc2ccccc2)CC1 → EI = 0.2691
f1 shape: (1,)
2025-05-16 17:56:53,537 - INFO -   True f = 0.666
2025-05-16 17:56:53,579 - INFO - Iter time: 4.79s
2025-05-16 17:56:53,579 - INFO - 
--- Iter 96 (train size=106) ---
2025-05-16 17:56:58,150 - INFO - Selected COC(=O)NC(Cc1ccccc1)C(=O)NC(Cc1ccc(NS(=O)(=O)O)cc1)c1csc(C)n1 → EI = 0.271
f1 shape: (1,)
2025-05-16 17:56:58,152 - INFO -   True f = 0.5595
2025-05-16 17:56:58,399 - INFO - Iter time: 4.82s
2025-05-16 17:56:58,399 - INFO - 
--- Iter 97 (train size=107) ---
2025-05-16 17:57:03,257 - INFO - Selected O=C(NCC(c1cccs1)N1CCOCC1)c1ccccc1NS(=O)(=O)c1ccc(Cl)c([N+](=O)[O-])c1 → EI = 0.2704
f1 shape: (1,)
2025-05-16 17:57:03,258 - INFO -   True f = 0.6333
2025-05-16 17:57:03,302 - INFO - Iter time: 4.90s
2025-05-16 17:57:03,302 - INFO - 
--- Iter 98 (train size=108) ---
2025-05-16 17:57:08,183 - INFO - Selected CCOc1ccccc1NC(=O)C(NS(=O)(=O)c1ccc2c(c1)CCC(=O)N2)c1ccccc1 → EI = 0.2721
f1 shape: (1,)
2025-05-16 17:57:08,185 - INFO -   True f = 0.5884
2025-05-16 17:57:08,230 - INFO - Iter time: 4.93s
2025-05-16 17:57:08,230 - INFO - 
--- Iter 99 (train size=109) ---
2025-05-16 17:57:13,400 - INFO - Selected CCNC(=N)c1ccc(C2=NOC(CC(=O)NCC(NS(=O)(=O)c3cccc(C)c3)C(=O)O)C2)cc1 → EI = 0.2706
f1 shape: (1,)
2025-05-16 17:57:13,402 - INFO -   True f = 0.6035
2025-05-16 17:57:13,447 - INFO - Iter time: 5.22s
2025-05-16 17:57:13,447 - INFO - 
--- Iter 100 (train size=110) ---
2025-05-16 17:57:18,441 - INFO - Selected N=C(N)c1cccc(CC(NS(=O)(=O)c2ccc3ccccc3c2)C(=O)C(=O)O)c1 → EI = 0.2723
f1 shape: (1,)
2025-05-16 17:57:18,442 - INFO -   True f = 0.5651
2025-05-16 17:57:18,488 - INFO - Iter time: 5.04s
2025-05-16 17:57:18,488 - INFO - 
--- Iter 101 (train size=111) ---
2025-05-16 17:57:23,301 - INFO - Selected O=C(CCNC(=O)C1CCN(S(=O)(=O)c2ccccc2)CC1)NCc1cccc(C(F)(F)F)c1 → EI = 0.2714
f1 shape: (1,)
2025-05-16 17:57:23,303 - INFO -   True f = 0.6345
2025-05-16 17:57:23,351 - INFO - Iter time: 4.86s
2025-05-16 17:57:23,351 - INFO - 
--- Iter 102 (train size=112) ---
2025-05-16 17:57:28,510 - INFO - Selected Cc1cccc(-c2ncc(N)c(=O)n2CC(=O)NC(Cc2ccccc2)C(=O)C(F)(F)C(=O)NCc2ccccc2)c1 → EI = 0.2721
f1 shape: (1,)
2025-05-16 17:57:28,513 - INFO -   True f = 0.5747
2025-05-16 17:57:28,561 - INFO - Iter time: 5.21s
2025-05-16 17:57:28,562 - INFO - 
--- Iter 103 (train size=113) ---
2025-05-16 17:57:33,707 - INFO - Selected CN(C)CCC(CSc1ccccc1)Nc1ccc(S(=O)(=O)NC(=O)c2ccc(N3CCC4(CC3)CC(c3ccccc3)=NO4)cc2)cc1[N+](=O)[O-] → EI = 0.2724
f1 shape: (1,)
2025-05-16 17:57:33,709 - INFO -   True f = 0.2556
2025-05-16 17:57:33,759 - INFO - Iter time: 5.20s
2025-05-16 17:57:33,759 - INFO - 
--- Iter 104 (train size=114) ---
2025-05-16 17:57:38,723 - INFO - Selected NS(=O)(=O)c1ccc(NC(=O)NC(Cc2ccccc2)C(=O)O)cc1 → EI = 0.2711
f1 shape: (1,)
2025-05-16 17:57:38,725 - INFO -   True f = 0.5333
2025-05-16 17:57:38,776 - INFO - Iter time: 5.02s
2025-05-16 17:57:38,776 - INFO - 
--- Iter 105 (train size=115) ---
2025-05-16 17:57:44,059 - INFO - Selected CC(=O)NC(Cc1ccc(OP(=O)(O)O)cc1)C(=O)NC1CSCCN(Cc2cccc(-c3ccccc3C#N)c2)C1=O → EI = 0.2699
f1 shape: (1,)
2025-05-16 17:57:44,061 - INFO -   True f = 0.6696
2025-05-16 17:57:44,112 - INFO - Iter time: 5.34s
2025-05-16 17:57:44,112 - INFO - 
--- Iter 106 (train size=116) ---
2025-05-16 17:57:49,442 - INFO - Selected COc1ccc(Cn2ccc(C)c(NC(=O)C(Cc3ccc(CC(=O)O)cc3)NC(C)=O)c2=O)cc1 → EI = 0.2728
f1 shape: (1,)
2025-05-16 17:57:49,444 - INFO -   True f = 0.5886
2025-05-16 17:57:49,497 - INFO - Iter time: 5.38s
2025-05-16 17:57:49,497 - INFO - 
--- Iter 107 (train size=117) ---
2025-05-16 17:57:54,872 - INFO - Selected CCOc1ccc(NC(=O)N2CCC(NC(=O)C(Cc3ccccc3OC)NC(C)=O)CC2)cc1 → EI = 0.2734
f1 shape: (1,)
2025-05-16 17:57:54,874 - INFO -   True f = 0.6504
2025-05-16 17:57:54,926 - INFO - Iter time: 5.43s
2025-05-16 17:57:54,926 - INFO - 
--- Iter 108 (train size=118) ---
2025-05-16 17:58:00,285 - INFO - Selected Cc1cc(COc2ccc(S(=O)(=O)NCC(C(=O)NO)N3CCN(C(=O)C(C)C)CC3)cc2)c2ccccc2n1 → EI = 0.274
f1 shape: (1,)
2025-05-16 17:58:00,287 - INFO -   True f = 0.6253
2025-05-16 17:58:00,339 - INFO - Iter time: 5.41s
2025-05-16 17:58:00,339 - INFO - 
--- Iter 109 (train size=119) ---
2025-05-16 17:58:05,747 - INFO - Selected COC(=O)C(Cc1ccc(OP(=O)(Oc2ccc(CC(NC(C)=O)C(=O)OC)cc2)C2CCCN2C(=O)C2CCCN2)cc1)NC(C)=O → EI = 0.2736
f1 shape: (1,)
2025-05-16 17:58:05,749 - INFO -   True f = 0.611
2025-05-16 17:58:05,803 - INFO - Iter time: 5.46s
2025-05-16 17:58:05,803 - INFO - 
--- Iter 110 (train size=120) ---
2025-05-16 17:58:11,257 - INFO - Selected CC(=O)NC(CCC(N)=O)C(=O)NC(CC(=O)Nc1ccc2c(c1)C(=O)C(=O)c1ccccc1-2)C(=O)O → EI = 0.2751
f1 shape: (1,)
2025-05-16 17:58:11,259 - INFO -   True f = 0.5858
2025-05-16 17:58:11,314 - INFO - Iter time: 5.51s
2025-05-16 17:58:11,314 - INFO - 
--- Iter 111 (train size=121) ---
2025-05-16 17:58:16,540 - INFO - Selected NC(=O)NCCNC(=O)C1CNC(=O)NCCCCC(NC(=O)C(N)Cc2ccc(O)cc2)C(=O)NC(Cc2ccccc2)C(=O)N1 → EI = 0.275
f1 shape: (1,)
2025-05-16 17:58:16,542 - INFO -   True f = 0.5818
2025-05-16 17:58:16,598 - INFO - Iter time: 5.28s
2025-05-16 17:58:16,598 - INFO - 
--- Iter 112 (train size=122) ---
2025-05-16 17:58:22,375 - INFO - Selected CC(=O)NC(Cc1ccc(O)cc1)C(=O)NC1CSSCC(C(=O)O)NC(=O)C2(CCCC2)CCNC1=O → EI = 0.2748
f1 shape: (1,)
2025-05-16 17:58:22,376 - INFO -   True f = 0.5746
2025-05-16 17:58:22,433 - INFO - Iter time: 5.84s
2025-05-16 17:58:22,433 - INFO - 
--- Iter 113 (train size=123) ---
2025-05-16 17:58:27,779 - INFO - Selected CC(=O)NC(Cc1ccccc1)C(=O)NC(Cc1ccc(C2CC(=O)NS2(=O)=O)cc1)c1nc2ccccc2[nH]1 → EI = 0.2749
f1 shape: (1,)
2025-05-16 17:58:27,781 - INFO -   True f = 0.5816
2025-05-16 17:58:27,838 - INFO - Iter time: 5.40s
2025-05-16 17:58:27,838 - INFO - 
--- Iter 114 (train size=124) ---
2025-05-16 17:58:33,466 - INFO - Selected NC(Cc1ccccc1)C(=O)NC1CCC(=O)N(CC(=O)Nc2cccc(Cl)c2)C1=O → EI = 0.2741
f1 shape: (1,)
2025-05-16 17:58:33,467 - INFO -   True f = 0.6123
2025-05-16 17:58:33,525 - INFO - Iter time: 5.69s
2025-05-16 17:58:33,525 - INFO - 
--- Iter 115 (train size=125) ---
2025-05-16 17:58:39,482 - INFO - Selected CC(C)(C)NC(=O)C1CC2SCCC2CN1CC(O)C(Cc1ccccc1)NC(=O)C(CS(=O)(=O)c1ccc(F)cc1)NS(C)(=O)=O → EI = 0.2727
f1 shape: (1,)
2025-05-16 17:58:39,484 - INFO -   True f = 0.6058
2025-05-16 17:58:39,545 - INFO - Iter time: 6.02s
2025-05-16 17:58:39,545 - INFO - 
--- Iter 116 (train size=126) ---
2025-05-16 17:58:45,229 - INFO - Selected CC(C)(C)NC(=O)C1CCCN1C(=O)C(=O)C(Cc1ccccc1)NC(=O)OCc1ccccc1 → EI = 0.2737
f1 shape: (1,)
2025-05-16 17:58:45,231 - INFO -   True f = 0.6105
2025-05-16 17:58:45,292 - INFO - Iter time: 5.75s
2025-05-16 17:58:45,292 - INFO - 
--- Iter 117 (train size=127) ---
2025-05-16 17:58:50,819 - INFO - Selected Cc1ccc2c(c1)c(-c1ccc[nH]c1=O)c(C(=O)NS(=O)(=O)C1CC1)n2Cc1cc(C(N)=O)ccc1F → EI = 0.2726
f1 shape: (1,)
2025-05-16 17:58:50,821 - INFO -   True f = 0.5554
2025-05-16 17:58:50,884 - INFO - Iter time: 5.59s
2025-05-16 17:58:50,884 - INFO - 
--- Iter 118 (train size=128) ---
2025-05-16 17:58:56,943 - INFO - Selected N=C(N)c1ccc(CNC(=O)C(CCC2CCNCC2)NC(=O)C(CCCC2CCNCC2)NS(=O)(=O)Cc2ccccc2)cc1 → EI = 0.2728
f1 shape: (1,)
2025-05-16 17:58:56,945 - INFO -   True f = 0.5938
2025-05-16 17:58:57,008 - INFO - Iter time: 6.12s
2025-05-16 17:58:57,008 - INFO - 
--- Iter 119 (train size=129) ---
2025-05-16 17:59:03,138 - INFO - Selected CC(C)C(NC(=O)CNC(=O)C(N)Cc1ccc(O)cc1)C(=O)NC1CCc2ccccc21 → EI = 0.2731
f1 shape: (1,)
2025-05-16 17:59:03,140 - INFO -   True f = 0.5799
2025-05-16 17:59:03,203 - INFO - Iter time: 6.20s
2025-05-16 17:59:03,203 - INFO - 
--- Iter 120 (train size=130) ---
2025-05-16 17:59:08,853 - INFO - Selected CC(=O)c1ccc(N(C(=O)CNC(=O)c2ccco2)C(C(=O)NC2CCCC2)c2ccncc2)cc1 → EI = 0.2733
f1 shape: (1,)
2025-05-16 17:59:08,855 - INFO -   True f = 0.6633
2025-05-16 17:59:08,919 - INFO - Iter time: 5.72s
2025-05-16 17:59:08,919 - INFO - 
--- Iter 121 (train size=131) ---
2025-05-16 17:59:15,178 - INFO - Selected NC(=O)C(=O)C(Cc1ccccc1)NC(=O)C1CCN(C(=O)C=Cc2ccncc2)CC1 → EI = 0.2753
f1 shape: (1,)
2025-05-16 17:59:15,179 - INFO -   True f = 0.648
2025-05-16 17:59:15,246 - INFO - Iter time: 6.33s
2025-05-16 17:59:15,246 - INFO - 
--- Iter 122 (train size=132) ---
2025-05-16 17:59:21,322 - INFO - Selected CC(C)(C)C(=O)CN1C(=O)N(CC(=O)Nc2cccc(C(=O)O)c2)N=C(C2CCCCCC2)c2ccccc21 → EI = 0.2752
f1 shape: (1,)
2025-05-16 17:59:21,324 - INFO -   True f = 0.4559
2025-05-16 17:59:21,391 - INFO - Iter time: 6.14s
2025-05-16 17:59:21,391 - INFO - 
--- Iter 123 (train size=133) ---
2025-05-16 17:59:27,154 - INFO - Selected CCC(NC(=O)C1CC(S(=O)(=O)c2ccc(F)cc2Cl)CN1C(=O)C1(c2ccc(Cl)cc2)CC1)C(=O)C(=O)NC1CC1 → EI = 0.275
f1 shape: (1,)
2025-05-16 17:59:27,156 - INFO -   True f = 0.594
2025-05-16 17:59:27,223 - INFO - Iter time: 5.83s
2025-05-16 17:59:27,223 - INFO - 
--- Iter 124 (train size=134) ---
2025-05-16 17:59:33,604 - INFO - Selected CCOC(=O)C(Cc1ccc(O)cc1)NC(=O)C1(NC(=O)C(SC(=O)c2ccccn2)C(C)C)CCCC1 → EI = 0.2737
f1 shape: (1,)
2025-05-16 17:59:33,605 - INFO -   True f = 0.6292
2025-05-16 17:59:33,675 - INFO - Iter time: 6.45s
2025-05-16 17:59:33,675 - INFO - 
--- Iter 125 (train size=135) ---
2025-05-16 17:59:40,115 - INFO - Selected N=C(N)c1ccc(C2(Cc3ccccc3)NC(=O)N(CC(=O)NC(CC(=O)O)C(=O)NC(C(=O)O)c3ccccc3)C2=O)cc1 → EI = 0.2739
f1 shape: (1,)
2025-05-16 17:59:40,117 - INFO -   True f = 0.6396
2025-05-16 17:59:40,186 - INFO - Iter time: 6.51s
2025-05-16 17:59:40,186 - INFO - 
--- Iter 126 (train size=136) ---
2025-05-16 17:59:46,097 - INFO - Selected CSCC(NC(=O)Cc1ccc(C)cc1)C(=O)NC(Cc1ccccc1)C(O)C(=O)N1CSC(C)(C)C1C(=O)NC1c2ccccc2CC1O → EI = 0.2751
f1 shape: (1,)
2025-05-16 17:59:46,099 - INFO -   True f = 0.6427
2025-05-16 17:59:46,169 - INFO - Iter time: 5.98s
2025-05-16 17:59:46,169 - INFO - 
--- Iter 127 (train size=137) ---
2025-05-16 17:59:52,728 - INFO - Selected C=CC1CC1(NC(=O)C1CC(Oc2ccnc3ccccc23)CN1C(=O)C(NC(=O)OC(C)(C)C)C(C)(C)C)C(=O)NCCc1ccc(C(=O)O)cc1 → EI = 0.2761
f1 shape: (1,)
2025-05-16 17:59:52,730 - INFO -   True f = 0.5549
2025-05-16 17:59:52,802 - INFO - Iter time: 6.63s
2025-05-16 17:59:52,802 - INFO - 
--- Iter 128 (train size=138) ---
2025-05-16 17:59:59,165 - INFO - Selected COc1ccc(CC(NC(=O)C(C)NC(=O)CN2CCOCC2)C(=O)NC(CC2CCCCC2)C(=O)C2(C)CO2)cc1 → EI = 0.2758
f1 shape: (1,)
2025-05-16 17:59:59,167 - INFO -   True f = 0.585
2025-05-16 17:59:59,239 - INFO - Iter time: 6.44s
2025-05-16 17:59:59,239 - INFO - 
--- Iter 129 (train size=139) ---
2025-05-16 18:00:05,927 - INFO - Selected N=C(N)N1CCCC(NC(=O)CNC(=O)C(CCNC(=O)c2cncc(Br)c2)NC(=O)OCc2ccccc2)C1O → EI = 0.2743
f1 shape: (1,)
2025-05-16 18:00:05,929 - INFO -   True f = 0.583
2025-05-16 18:00:06,003 - INFO - Iter time: 6.76s
2025-05-16 18:00:06,003 - INFO - 
--- Iter 130 (train size=140) ---
2025-05-16 18:00:12,123 - INFO - Selected Cc1cnc(C(=O)NC(Cc2nc(I)n(Cc3ccccc3)c2I)C(=O)N2CCCC2C(N)=O)cn1 → EI = 0.2747
f1 shape: (1,)
2025-05-16 18:00:12,125 - INFO -   True f = 0.5625
2025-05-16 18:00:12,200 - INFO - Iter time: 6.20s
2025-05-16 18:00:12,200 - INFO - 
--- Iter 131 (train size=141) ---
2025-05-16 18:00:18,943 - INFO - Selected CSCCC(NC(=O)C1CCCN1C(=O)C(NC(=O)C(Cc1ccc(C(F)(F)P(=O)(O)O)cc1)NC(C)=O)C(C)C)C(N)=O → EI = 0.2749
f1 shape: (1,)
2025-05-16 18:00:18,945 - INFO -   True f = 0.5573
2025-05-16 18:00:19,023 - INFO - Iter time: 6.82s
2025-05-16 18:00:19,023 - INFO - 
--- Iter 132 (train size=142) ---
2025-05-16 18:00:25,242 - INFO - Selected CC(C)(C)OC(=O)NC(CCCNC(=N)N)C(=O)NC(Cc1c[nH]c2ccccc12)C(=O)NC(Cc1ccccc1)C(=O)N1CCCCC1 → EI = 0.2746
f1 shape: (1,)
2025-05-16 18:00:25,244 - INFO -   True f = 0.6237
2025-05-16 18:00:25,323 - INFO - Iter time: 6.30s
2025-05-16 18:00:25,323 - INFO - 
--- Iter 133 (train size=143) ---
2025-05-16 18:00:32,137 - INFO - Selected CCCC(NC(=O)C(N)Cc1ccc(O)cc1)C(=O)N1CCCC1C(=O)NCC(=O)NC(Cc1ccccc1)C(=O)N1CCCC1C(=O)O → EI = 0.2759
f1 shape: (1,)
2025-05-16 18:00:32,139 - INFO -   True f = 0.6179
2025-05-16 18:00:32,218 - INFO - Iter time: 6.89s
2025-05-16 18:00:32,218 - INFO - 
--- Iter 134 (train size=144) ---
2025-05-16 18:00:39,100 - INFO - Selected CCC(C)C(NC(=O)CC(O)C(CC1CCCCC1)NC(=O)CCNC(=O)C(Cc1ccccc1)NC(=O)N1CCC(N)CC1)C(=O)NCc1cnc(C)nc1N → EI = 0.2748
f1 shape: (1,)
2025-05-16 18:00:39,102 - INFO -   True f = 0.5955
2025-05-16 18:00:39,183 - INFO - Iter time: 6.96s
2025-05-16 18:00:39,183 - INFO - 
--- Iter 135 (train size=145) ---
2025-05-16 18:00:45,524 - INFO - Selected COc1ccc(CC(=O)NC(=N)NC(CC2CCCCC2)C(=O)NCc2ccc(-c3nnn[nH]3)cc2)cc1OC → EI = 0.2751
f1 shape: (1,)
2025-05-16 18:00:45,527 - INFO -   True f = 0.6104
2025-05-16 18:00:45,609 - INFO - Iter time: 6.43s
2025-05-16 18:00:45,609 - INFO - 
--- Iter 136 (train size=146) ---
2025-05-16 18:00:52,615 - INFO - Selected CC(=O)N1CCN(C(=O)C(Cc2cccc(C(=N)N)c2)NS(=O)(=O)NCCc2cc3c(cc2[N+](=O)[O-])OCO3)CC1 → EI = 0.2745
f1 shape: (1,)
2025-05-16 18:00:52,617 - INFO -   True f = 0.6045
2025-05-16 18:00:52,699 - INFO - Iter time: 7.09s
2025-05-16 18:00:52,699 - INFO - 
--- Iter 137 (train size=147) ---
2025-05-16 18:00:59,426 - INFO - Selected CCN1CCN(C(=O)NC(C(=O)NC2CN3CC(C#N)=C(C(=O)O)N3C2=O)c2ccccc2)C(=O)C1=O → EI = 0.275
f1 shape: (1,)
2025-05-16 18:00:59,428 - INFO -   True f = 0.5667
2025-05-16 18:00:59,514 - INFO - Iter time: 6.81s
2025-05-16 18:00:59,514 - INFO - 
--- Iter 138 (train size=148) ---
2025-05-16 18:01:06,295 - INFO - Selected CN1C(=O)CC(C(=O)NC(Cc2c[nH]cn2)C(=O)N2CSC=C2C(N)=O)NC1=O → EI = 0.2754
f1 shape: (1,)
2025-05-16 18:01:06,297 - INFO -   True f = 0.4802
2025-05-16 18:01:06,381 - INFO - Iter time: 6.87s
2025-05-16 18:01:06,381 - INFO - 
--- Iter 139 (train size=149) ---
2025-05-16 18:01:13,522 - INFO - Selected O=C(NCc1ccccc1)C(=O)NCC1OCCN1S(=O)(=O)c1ccc2c(c1)OCCO2 → EI = 0.275
f1 shape: (1,)
2025-05-16 18:01:13,524 - INFO -   True f = 0.5773
2025-05-16 18:01:13,609 - INFO - Iter time: 7.23s
2025-05-16 18:01:13,609 - INFO - 
--- Iter 140 (train size=150) ---
2025-05-16 18:01:21,094 - INFO - Selected CC(C(=O)NCc1ccc(C(F)(F)F)nc1N1CCC(NC(=O)OC(C)(C)C)C1)c1ccc(NS(C)(=O)=O)c(F)c1 → EI = 0.2748
f1 shape: (1,)
2025-05-16 18:01:21,096 - INFO -   True f = 0.5832
2025-05-16 18:01:21,183 - INFO - Iter time: 7.57s
2025-05-16 18:01:21,183 - INFO - 
--- Iter 141 (train size=151) ---
2025-05-16 18:01:27,816 - INFO - Selected CCCCC(NC(=O)CCCCCNC(=O)C1CCC2c3[nH]c4ccccc4c3CCN2C1)C(=O)NC(Cc1c[nH]c2ccccc12)C(=O)N1CC(N)CC1C(N)=O → EI = 0.2744
f1 shape: (1,)
2025-05-16 18:01:27,818 - INFO -   True f = 0.6092
2025-05-16 18:01:27,907 - INFO - Iter time: 6.72s
2025-05-16 18:01:27,907 - INFO - 
--- Iter 142 (train size=152) ---
2025-05-16 18:01:35,201 - INFO - Selected CCNC(=O)C(c1ccccc1)N1CCN(c2ccc(NC(=O)C(CC)CC)cc2C#N)CC1 → EI = 0.2742
f1 shape: (1,)
2025-05-16 18:01:35,203 - INFO -   True f = 0.6521
2025-05-16 18:01:35,294 - INFO - Iter time: 7.39s
2025-05-16 18:01:35,294 - INFO - 
--- Iter 143 (train size=153) ---
2025-05-16 18:01:41,989 - INFO - Selected CCC(O)(CC)c1ccccc1N1CCN(C(=O)C(Cc2ccc(Cl)cc2Cl)NC(=O)N2CCCC2=O)CC1 → EI = 0.2762
f1 shape: (1,)
2025-05-16 18:01:41,991 - INFO -   True f = 0.6229
2025-05-16 18:01:42,082 - INFO - Iter time: 6.79s
2025-05-16 18:01:42,082 - INFO - 
--- Iter 144 (train size=154) ---
2025-05-16 18:01:49,797 - INFO - Selected CCC(C)C(NC(=O)N1CC(=O)Nc2ccccc21)C(=O)Nc1ccccc1C → EI = 0.2762
f1 shape: (1,)
2025-05-16 18:01:49,799 - INFO -   True f = 0.5682
2025-05-16 18:01:49,889 - INFO - Iter time: 7.81s
2025-05-16 18:01:49,889 - INFO - 
--- Iter 145 (train size=155) ---
2025-05-16 18:01:56,684 - INFO - Selected CC(C)NC(=O)CSc1ccccc1C(=O)N1CCN(S(=O)(=O)C=Cc2ccccc2)CC1 → EI = 0.2744
f1 shape: (1,)
2025-05-16 18:01:56,686 - INFO -   True f = 0.6385
2025-05-16 18:01:56,777 - INFO - Iter time: 6.89s
2025-05-16 18:01:56,777 - INFO - 
--- Iter 146 (train size=156) ---
2025-05-16 18:02:04,276 - INFO - Selected CCN1C(=O)N(CC(=O)NC(CC(=O)O)c2ccccc2)C(=O)C1(C)c1ccc(C(=N)N)cc1 → EI = 0.2756
f1 shape: (1,)
2025-05-16 18:02:04,277 - INFO -   True f = 0.6335
2025-05-16 18:02:04,369 - INFO - Iter time: 7.59s
2025-05-16 18:02:04,370 - INFO - 
--- Iter 147 (train size=157) ---
2025-05-16 18:02:11,543 - INFO - Selected COc1ccc(C(=O)C=CC(=O)N2CCN(c3ccc(N4CC(CNC(C)=O)OC4=O)cc3F)CC2)cc1 → EI = 0.2753
f1 shape: (1,)
2025-05-16 18:02:11,544 - INFO -   True f = 0.648
2025-05-16 18:02:11,638 - INFO - Iter time: 7.27s
2025-05-16 18:02:11,638 - INFO - 
--- Iter 148 (train size=158) ---
2025-05-16 18:02:18,862 - INFO - Selected CC(NC(=O)OCc1ccccc1)C(=O)NC(C)C(=O)NN(CC(N)=O)C(=O)C=CC(=O)N1CCCc2ccccc21 → EI = 0.2763
f1 shape: (1,)
2025-05-16 18:02:18,864 - INFO -   True f = 0.5832
2025-05-16 18:02:18,958 - INFO - Iter time: 7.32s
2025-05-16 18:02:18,959 - INFO - 
--- Iter 149 (train size=159) ---
2025-05-16 18:02:26,165 - INFO - Selected CCOC(=O)C=CC(CC1CCNC1=O)NC(=O)C(Cc1ccc(F)cc1)OC(=O)C(NC(=O)c1cc(C)on1)C(C)C → EI = 0.275
f1 shape: (1,)
2025-05-16 18:02:26,167 - INFO -   True f = 0.5495
2025-05-16 18:02:26,264 - INFO - Iter time: 7.31s
2025-05-16 18:02:26,264 - INFO - 
--- Iter 150 (train size=160) ---
2025-05-16 18:02:33,774 - INFO - Selected CCCCCCCC(=O)NC(Cc1ccccc1)C(=O)NC1C=CCCNC(=O)C=CC(C(C)C)NC1=O → EI = 0.2752
f1 shape: (1,)
2025-05-16 18:02:33,776 - INFO -   True f = 0.6415
2025-05-16 18:02:33,873 - INFO - Iter time: 7.61s
2025-05-16 18:02:33,873 - INFO - 
--- Iter 151 (train size=161) ---
2025-05-16 18:02:41,782 - INFO - Selected CCC1OCC(=O)C1NC(=O)C(CC1(C)CCCC1)NC(=O)c1cccc(S(=O)(=O)NC)c1 → EI = 0.2764
f1 shape: (1,)
2025-05-16 18:02:41,784 - INFO -   True f = 0.6048
2025-05-16 18:02:41,885 - INFO - Iter time: 8.01s
2025-05-16 18:02:41,886 - INFO - 
--- Iter 152 (train size=162) ---
2025-05-16 18:02:48,900 - INFO - Selected CC(C)CC(NC(=O)C(Cc1ccccc1)NC(=O)CC(NC(=O)c1ccc(C#N)cc1)c1ccccc1)C(=O)C1(C)CO1 → EI = 0.2764
f1 shape: (1,)
2025-05-16 18:02:48,902 - INFO -   True f = 0.6223
2025-05-16 18:02:49,007 - INFO - Iter time: 7.12s
2025-05-16 18:02:49,008 - INFO - 
--- Iter 153 (train size=163) ---
2025-05-16 18:02:56,759 - INFO - Selected C#CC1CN(C(=O)C(CC(C)C)NC(=O)c2ccc(-c3csc(N4CCN(C)CC4)n3)cc2)C2C(=O)COC12 → EI = 0.2768
f1 shape: (1,)
2025-05-16 18:02:56,761 - INFO -   True f = 0.622
2025-05-16 18:02:56,865 - INFO - Iter time: 7.86s
2025-05-16 18:02:56,865 - INFO - 
--- Iter 154 (train size=164) ---
2025-05-16 18:03:04,337 - INFO - Selected Cc1c(N(C(=O)CNC(=O)c2ccccc2)C2(C(=O)NC3CCCCC3)CCCCC2)c(=O)n(-c2ccccc2)n1C → EI = 0.2766
f1 shape: (1,)
2025-05-16 18:03:04,339 - INFO -   True f = 0.6193
2025-05-16 18:03:04,441 - INFO - Iter time: 7.58s
2025-05-16 18:03:04,441 - INFO - 
--- Iter 155 (train size=165) ---
2025-05-16 18:03:12,258 - INFO - Selected CCN(CC)C(=O)Nc1ccc(C(F)(F)F)cc1C(=O)NCC(=O)NC1CCCCC1CS(=O)(=O)c1ccc(SC)cc1 → EI = 0.2772
f1 shape: (1,)
2025-05-16 18:03:12,259 - INFO -   True f = 0.4973
2025-05-16 18:03:12,365 - INFO - Iter time: 7.92s
2025-05-16 18:03:12,365 - INFO - 
--- Iter 156 (train size=166) ---
2025-05-16 18:03:19,953 - INFO - Selected CC1CN(C(C)CO)C(=O)c2cc(NC(=O)c3ccncc3)ccc2OC1CN(C)S(=O)(=O)c1cccs1 → EI = 0.2762
f1 shape: (1,)
2025-05-16 18:03:19,955 - INFO -   True f = 0.6187
2025-05-16 18:03:20,060 - INFO - Iter time: 7.69s
2025-05-16 18:03:20,060 - INFO - 
--- Iter 157 (train size=167) ---
2025-05-16 18:03:27,652 - INFO - Selected Cc1cccc(C)c1OCC(=O)NC(Cc1ccccc1)C(O)CC(Cc1ccccc1)NC(=O)C(C(C)C)N1CCCOC1=O → EI = 0.2766
f1 shape: (1,)
2025-05-16 18:03:27,654 - INFO -   True f = 0.5849
2025-05-16 18:03:27,760 - INFO - Iter time: 7.70s
2025-05-16 18:03:27,760 - INFO - 
--- Iter 158 (train size=168) ---
2025-05-16 18:03:35,782 - INFO - Selected CC(C)C(N)C(=O)OC(CC(Cc1ccccc1)C(=O)NC1c2ccccc2CC1O)CN1CCN(Cc2cccnc2)CC1C(=O)NC(C)(C)C → EI = 0.2769
f1 shape: (1,)
2025-05-16 18:03:35,784 - INFO -   True f = 0.6573
2025-05-16 18:03:35,894 - INFO - Iter time: 8.13s
2025-05-16 18:03:35,894 - INFO - 
--- Iter 159 (train size=169) ---
2025-05-16 18:03:43,656 - INFO - Selected CC(C)(C)Nc1cc(C(=O)NC(Cc2ccccc2)C(O)CNC2CCOCC2)cc(N2CCCCS2(=O)=O)c1 → EI = 0.2771
f1 shape: (1,)
2025-05-16 18:03:43,658 - INFO -   True f = 0.6765
2025-05-16 18:03:44,090 - INFO - Iter time: 8.20s
2025-05-16 18:03:44,090 - INFO - 
--- Iter 160 (train size=170) ---
2025-05-16 18:03:52,236 - INFO - Selected CC(C)(C)OC(=O)NC(Cc1ccccc1)C(O)CNCC(O)C(Cc1ccc(CCC(=O)N2CCOCC2)cc1)NC(=O)OC(C)(C)C → EI = 0.2808
f1 shape: (1,)
2025-05-16 18:03:52,238 - INFO -   True f = 0.6494
2025-05-16 18:03:52,353 - INFO - Iter time: 8.26s
2025-05-16 18:03:52,353 - INFO - 
--- Iter 161 (train size=171) ---
2025-05-16 18:04:00,171 - INFO - Selected CC(C)C(=O)N1CCC(C(=O)NC(C(=O)NC(CCCCN)C(=O)OC(C)(C)C)C(C)c2c[nH]c3ccccc23)CC1 → EI = 0.2783
f1 shape: (1,)
2025-05-16 18:04:00,173 - INFO -   True f = 0.5991
2025-05-16 18:04:00,288 - INFO - Iter time: 7.93s
2025-05-16 18:04:00,288 - INFO - 
--- Iter 162 (train size=172) ---
2025-05-16 18:04:08,165 - INFO - Selected CCOc1ccc(CC(NC(=O)c2cccc(N)c2Cl)C(O)C(=O)N2CCC(C)(C)C2C(=O)NCc2c(C)cccc2C)cc1 → EI = 0.2784
f1 shape: (1,)
2025-05-16 18:04:08,167 - INFO -   True f = 0.5948
2025-05-16 18:04:08,283 - INFO - Iter time: 7.99s
2025-05-16 18:04:08,283 - INFO - 
--- Iter 163 (train size=173) ---
2025-05-16 18:04:16,280 - INFO - Selected CC(C)C(NS(=O)(=O)c1cnccc1NC(CO)Cc1ccccc1)C(=O)N1CCC(CCF)CC1 → EI = 0.2776
f1 shape: (1,)
2025-05-16 18:04:16,282 - INFO -   True f = 0.6408
2025-05-16 18:04:16,399 - INFO - Iter time: 8.12s
2025-05-16 18:04:16,399 - INFO - 
--- Iter 164 (train size=174) ---
2025-05-16 18:04:24,743 - INFO - Selected CCOC(=O)CCSCC(=O)C(Cc1ccccc1)NC(=O)C(CC(C)C)NC(=O)N1CCOCC1 → EI = 0.2785
f1 shape: (1,)
2025-05-16 18:04:24,744 - INFO -   True f = 0.5957
2025-05-16 18:04:24,862 - INFO - Iter time: 8.46s
2025-05-16 18:04:24,862 - INFO - 
--- Iter 165 (train size=175) ---
2025-05-16 18:04:33,256 - INFO - Selected COc1cc(C(=O)NS(=O)(=O)c2ccccc2C)ccc1Cn1cc(CCC(=O)N2CCC(C)(C)CC2)c2ccc(C(=O)NCC3CCCC3)cc21 → EI = 0.2778
f1 shape: (1,)
2025-05-16 18:04:33,258 - INFO -   True f = 0.2078
2025-05-16 18:04:33,376 - INFO - Iter time: 8.51s
2025-05-16 18:04:33,376 - INFO - 
--- Iter 166 (train size=176) ---
2025-05-16 18:04:41,113 - INFO - Selected CC(C)(C)NC(=O)C1CC(Cl)CN1C(=O)C(O)C(Cc1ccccc1)NC(=O)c1ccccc1Cl → EI = 0.2794
f1 shape: (1,)
2025-05-16 18:04:41,115 - INFO -   True f = 0.6194
2025-05-16 18:04:41,235 - INFO - Iter time: 7.86s
2025-05-16 18:04:41,235 - INFO - 
--- Iter 167 (train size=177) ---
2025-05-16 18:04:49,818 - INFO - Selected CCCCCCC1C(=O)NC(C(=O)NCCCn2ccnc2)Cc2ccc(cc2)OCCCC1C(=O)NO → EI = 0.278
f1 shape: (1,)
2025-05-16 18:04:49,819 - INFO -   True f = 0.6139
2025-05-16 18:04:49,939 - INFO - Iter time: 8.70s
2025-05-16 18:04:49,939 - INFO - 
--- Iter 168 (train size=178) ---
2025-05-16 18:04:58,454 - INFO - Selected Cn1ccnc1SC1=C(C(=O)O)N2C(=O)C(NC(=O)C(N)c3ccccc3)C2CC1 → EI = 0.2767
f1 shape: (1,)
2025-05-16 18:04:58,456 - INFO -   True f = 0.5649
2025-05-16 18:04:58,578 - INFO - Iter time: 8.64s
2025-05-16 18:04:58,578 - INFO - 
--- Iter 169 (train size=179) ---
2025-05-16 18:05:07,455 - INFO - Selected CC(C)C(O)C(=O)N1CC(OCCCc2ccccc2)CC1C(=O)NC(CC(F)F)C(=O)NCCc1c(F)cc(C(=O)O)cc1F → EI = 0.277
f1 shape: (1,)
2025-05-16 18:05:07,457 - INFO -   True f = 0.5989
2025-05-16 18:05:07,578 - INFO - Iter time: 9.00s
2025-05-16 18:05:07,578 - INFO - 
--- Iter 170 (train size=180) ---
2025-05-16 18:05:15,791 - INFO - Selected CC(C)CC(NC(=O)C=Cc1ccc(OP(=O)(O)O)cc1)C(=O)N1CCCC1C(=O)NC(COCc1ccccc1)COC(N)=O → EI = 0.2773
f1 shape: (1,)
2025-05-16 18:05:15,793 - INFO -   True f = 0.6259
2025-05-16 18:05:15,917 - INFO - Iter time: 8.34s
2025-05-16 18:05:15,917 - INFO - 
--- Iter 171 (train size=181) ---
2025-05-16 18:05:23,840 - INFO - Selected CCCCCOC(=O)N1CCN(C(=O)C(CCC(=O)O)NC(=O)c2cc(OCC3CCN(C)CC3)nc(-c3ccccc3)n2)CC1 → EI = 0.2769
f1 shape: (1,)
2025-05-16 18:05:23,842 - INFO -   True f = 0.624
2025-05-16 18:05:23,967 - INFO - Iter time: 8.05s
2025-05-16 18:05:23,967 - INFO - 
--- Iter 172 (train size=182) ---
2025-05-16 18:05:32,678 - INFO - Selected O=C(O)COc1c(C(=O)O)sc(-c2cccc(NC3CCN(S(=O)(=O)Cc4ccccc4)CC3)c2)c1Cl → EI = 0.2775
f1 shape: (1,)
2025-05-16 18:05:32,680 - INFO -   True f = 0.6226
2025-05-16 18:05:32,809 - INFO - Iter time: 8.84s
2025-05-16 18:05:32,809 - INFO - 
--- Iter 173 (train size=183) ---
2025-05-16 18:05:41,551 - INFO - Selected CC(NC(=O)c1cc(OCC(=O)NCCCCCN)cc(OS(=O)(=O)Cc2ccccc2)c1)c1ccccc1 → EI = 0.2774
f1 shape: (1,)
2025-05-16 18:05:41,553 - INFO -   True f = 0.6166
2025-05-16 18:05:41,990 - INFO - Iter time: 9.18s
2025-05-16 18:05:41,990 - INFO - 
--- Iter 174 (train size=184) ---
2025-05-16 18:05:50,760 - INFO - Selected O=C(CN(c1nc(Cl)nc2c1ncn2C1CCCCO1)C1CC1)NC(CCC(=O)OCc1ccccc1)C(=O)OCc1ccccc1 → EI = 0.2775
f1 shape: (1,)
2025-05-16 18:05:50,762 - INFO -   True f = 0.5249
2025-05-16 18:05:50,892 - INFO - Iter time: 8.90s
2025-05-16 18:05:50,892 - INFO - 
--- Iter 175 (train size=185) ---
2025-05-16 18:05:59,325 - INFO - Selected CC(=O)NC(CC(=O)Nc1cccc(S(=O)(=O)N2CCCCC2)c1)c1ccccc1 → EI = 0.2774
f1 shape: (1,)
2025-05-16 18:05:59,327 - INFO -   True f = 0.6232
2025-05-16 18:05:59,458 - INFO - Iter time: 8.57s
2025-05-16 18:05:59,458 - INFO - 
--- Iter 176 (train size=186) ---
2025-05-16 18:06:08,709 - INFO - Selected O=C(NC1(C(=O)NC(Cc2ccccc2)C(=O)NCCCN2CCOCC2)CCc2ccccc21)c1cc2ccccc2s1 → EI = 0.2771
f1 shape: (1,)
2025-05-16 18:06:08,711 - INFO -   True f = 0.6711
2025-05-16 18:06:08,845 - INFO - Iter time: 9.39s
2025-05-16 18:06:08,846 - INFO - 
--- Iter 177 (train size=187) ---
2025-05-16 18:06:17,446 - INFO - Selected COC(=O)c1c(O)cccc1OCCCCNC(=O)C(Cc1ccc(NC(=O)C(=O)O)cc1)NC(C)=O → EI = 0.2782
f1 shape: (1,)
2025-05-16 18:06:17,448 - INFO -   True f = 0.6523
2025-05-16 18:06:17,585 - INFO - Iter time: 8.74s
2025-05-16 18:06:17,585 - INFO - 
--- Iter 178 (train size=188) ---
2025-05-16 18:06:26,208 - INFO - Selected COc1ccc(CCNC(=O)C(=O)C(CCCN=C(N)N)NC(=O)C2CCN3CCC(N)(Cc4ccccc4)CN23)cc1 → EI = 0.2778
f1 shape: (1,)
2025-05-16 18:06:26,210 - INFO -   True f = 0.6477
2025-05-16 18:06:26,348 - INFO - Iter time: 8.76s
2025-05-16 18:06:26,348 - INFO - 
--- Iter 179 (train size=189) ---
2025-05-16 18:06:35,005 - INFO - Selected Nc1nc2[nH]cc(Cc3ccc(C(=O)NC(CCC(=O)O)C(=O)O)cc3)c2c(=O)[nH]1 → EI = 0.2772
f1 shape: (1,)
2025-05-16 18:06:35,007 - INFO -   True f = 0.5634
2025-05-16 18:06:35,148 - INFO - Iter time: 8.80s
2025-05-16 18:06:35,148 - INFO - 
--- Iter 180 (train size=190) ---
2025-05-16 18:06:43,807 - INFO - Selected CN(c1ccsc1C(=O)NC(CCCNC(=N)N)C(=O)O)S(=O)(=O)c1ccc([N+](=O)[O-])cc1 → EI = 0.2776
f1 shape: (1,)
2025-05-16 18:06:43,809 - INFO -   True f = 0.5713
2025-05-16 18:06:43,953 - INFO - Iter time: 8.80s
2025-05-16 18:06:43,953 - INFO - 
--- Iter 181 (train size=191) ---
2025-05-16 18:06:53,090 - INFO - Selected CCC(C)C(NC(=O)c1cccc(Cn2ccnc2)c1)C(=O)NNS(=O)(=O)c1ccc(OC)cc1 → EI = 0.2774
f1 shape: (1,)
2025-05-16 18:06:53,092 - INFO -   True f = 0.5522
2025-05-16 18:06:53,233 - INFO - Iter time: 9.28s
2025-05-16 18:06:53,233 - INFO - 
--- Iter 182 (train size=192) ---
2025-05-16 18:07:02,311 - INFO - Selected CC(C)CC(NC(=O)c1ccccc1NC(=O)c1cc2ccccc2[nH]1)C(=O)O → EI = 0.2771
f1 shape: (1,)
2025-05-16 18:07:02,313 - INFO -   True f = 0.5691
2025-05-16 18:07:02,454 - INFO - Iter time: 9.22s
2025-05-16 18:07:02,454 - INFO - 
--- Iter 183 (train size=193) ---
2025-05-16 18:07:11,664 - INFO - Selected CCOP(=O)(O)NC(C(=O)NC(Cc1ccc(OCC(=O)N(Cc2ccccc2)Cc2ccccc2)cc1)C(=O)NCC(=O)O)C(C)CC → EI = 0.277
f1 shape: (1,)
2025-05-16 18:07:11,666 - INFO -   True f = 0.6131
2025-05-16 18:07:11,809 - INFO - Iter time: 9.35s
2025-05-16 18:07:11,809 - INFO - 
--- Iter 184 (train size=194) ---
2025-05-16 18:07:21,092 - INFO - Selected CCCCC(NC(=O)C(CCCNC(=N)N)NC(=O)C(CCCNC(=N)N)NC(=O)c1ccc(C=C2SC(=O)N(Cc3ccccc3)C2=O)cc1)C(N)=O → EI = 0.2768
f1 shape: (1,)
2025-05-16 18:07:21,094 - INFO -   True f = 0.591
2025-05-16 18:07:21,238 - INFO - Iter time: 9.43s
2025-05-16 18:07:21,238 - INFO - 
--- Iter 185 (train size=195) ---
2025-05-16 18:07:30,154 - INFO - Selected CNC(=O)C(Cc1ccc2ccccc2c1)NC(=O)C(CCCN=C(N)N)NC(=O)C(Cc1ccccc1)NC(=O)C1Cc2ccccc2CN1 → EI = 0.2775
f1 shape: (1,)
2025-05-16 18:07:30,156 - INFO -   True f = 0.6183
2025-05-16 18:07:30,303 - INFO - Iter time: 9.06s
2025-05-16 18:07:30,303 - INFO - 
--- Iter 186 (train size=196) ---
2025-05-16 18:07:40,001 - INFO - Selected CCCCNC(=O)C1(N(Cc2ccccc2)C(=O)C(CC(=O)OC)NC(=O)OC(C)(C)C)CCN(Cc2ccccc2)CC1 → EI = 0.2767
f1 shape: (1,)
2025-05-16 18:07:40,003 - INFO -   True f = 0.6362
2025-05-16 18:07:40,155 - INFO - Iter time: 9.85s
2025-05-16 18:07:40,155 - INFO - 
--- Iter 187 (train size=197) ---
2025-05-16 18:07:49,140 - INFO - Selected COc1cccc(OC)c1-c1ccc(CC(NC(=O)C2(S(=O)(=O)c3ccccc3)CCCNC2)C(=O)O)cc1 → EI = 0.2769
f1 shape: (1,)
2025-05-16 18:07:49,142 - INFO -   True f = 0.6627
2025-05-16 18:07:49,292 - INFO - Iter time: 9.14s
2025-05-16 18:07:49,292 - INFO - 
--- Iter 188 (train size=198) ---
2025-05-16 18:07:58,699 - INFO - Selected CC(C)(C)NC(=O)C(c1ccco1)N(C(=O)c1ccc(CN2CCOCC2)o1)c1ccccc1 → EI = 0.2771
f1 shape: (1,)
2025-05-16 18:07:58,701 - INFO -   True f = 0.6243
2025-05-16 18:07:58,853 - INFO - Iter time: 9.56s
2025-05-16 18:07:58,853 - INFO - 
--- Iter 189 (train size=199) ---
2025-05-16 18:08:07,921 - INFO - Selected CC(=O)CC(c1ccccc1)c1c(SCC(NC(C)=O)C(=O)O)c2ccccc2oc1=O → EI = 0.2774
f1 shape: (1,)
2025-05-16 18:08:07,923 - INFO -   True f = 0.5806
2025-05-16 18:08:08,078 - INFO - Iter time: 9.22s
2025-05-16 18:08:08,078 - INFO - 
--- Iter 190 (train size=200) ---
2025-05-16 18:08:17,583 - INFO - Selected CCC(C(=O)NCc1ccco1)N(C(=O)CNS(=O)(=O)c1ccccc1)C1CCCCC1 → EI = 0.2774
f1 shape: (1,)
2025-05-16 18:08:17,584 - INFO -   True f = 0.6201
2025-05-16 18:08:17,739 - INFO - Iter time: 9.66s
2025-05-16 18:08:17,739 - INFO - 
--- Iter 191 (train size=201) ---
2025-05-16 18:08:27,653 - INFO - Selected CN1C(=O)OC2(CCN(CCC(C)(C(=O)N(C)C(Cc3ccccc3)C(=O)NCCCN)c3ccc(Cl)c(Cl)c3)CC2)c2cc(F)ccc21 → EI = 0.2771
f1 shape: (1,)
2025-05-16 18:08:27,655 - INFO -   True f = 0.375
2025-05-16 18:08:27,810 - INFO - Iter time: 10.07s
2025-05-16 18:08:27,810 - INFO - 
--- Iter 192 (train size=202) ---
2025-05-16 18:08:37,145 - INFO - Selected COc1ccc([N+](=O)[O-])cc1NC(=O)C(C)OC(=O)CN1C(=O)C2CC=CCC2C1=O → EI = 0.2769
f1 shape: (1,)
2025-05-16 18:08:37,147 - INFO -   True f = 0.5626
2025-05-16 18:08:37,305 - INFO - Iter time: 9.50s
2025-05-16 18:08:37,305 - INFO - 
--- Iter 193 (train size=203) ---
2025-05-16 18:08:46,543 - INFO - Selected CC(C)C(NC(=O)COc1cccc2ccccc12)C(=O)NC(CC(=O)O)C(=O)COc1ccc(C(N)=O)cc1 → EI = 0.2769
f1 shape: (1,)
2025-05-16 18:08:46,545 - INFO -   True f = 0.5868
2025-05-16 18:08:46,703 - INFO - Iter time: 9.40s
2025-05-16 18:08:46,703 - INFO - 
--- Iter 194 (train size=204) ---
2025-05-16 18:08:56,397 - INFO - Selected Cn1nnnc1SCC1=C(C(=O)O)N2C(=O)C(NC(=O)C(NC(=O)C3OC3C(=O)O)c3ccccc3)C2SC1 → EI = 0.2769
f1 shape: (1,)
2025-05-16 18:08:56,399 - INFO -   True f = 0.5149
2025-05-16 18:08:56,561 - INFO - Iter time: 9.86s
2025-05-16 18:08:56,561 - INFO - 
--- Iter 195 (train size=205) ---
2025-05-16 18:09:06,343 - INFO - Selected CC(C)NS(=O)(=O)c1ccc(NC2CCN(CC(O)=Nc3ccccc3)CC2)c([N+](=O)O)c1 → EI = 0.2766
f1 shape: (1,)
2025-05-16 18:09:06,344 - INFO -   True f = 0.6716
2025-05-16 18:09:06,505 - INFO - Iter time: 9.94s
2025-05-16 18:09:06,505 - INFO - 
--- Iter 196 (train size=206) ---
2025-05-16 18:09:15,962 - INFO - Selected COc1ccc(NC(=O)CN2CCC(NC(=O)c3ccco3)CC2)c([N+](=O)[O-])c1 → EI = 0.2777
f1 shape: (1,)
2025-05-16 18:09:15,963 - INFO -   True f = 0.6579
2025-05-16 18:09:16,124 - INFO - Iter time: 9.62s
2025-05-16 18:09:16,124 - INFO - 
--- Iter 197 (train size=207) ---
2025-05-16 18:09:25,145 - INFO - Selected O=C(C=Cc1ccccc1)NC(COC(=O)c1cc([N+](=O)[O-])cc([N+](=O)[O-])c1)C(=O)NC1CCCCC1 → EI = 0.2787
f1 shape: (1,)
2025-05-16 18:09:25,147 - INFO -   True f = 0.6396
2025-05-16 18:09:25,313 - INFO - Iter time: 9.19s
2025-05-16 18:09:25,313 - INFO - 
--- Iter 198 (train size=208) ---
2025-05-16 18:09:35,552 - INFO - Selected NC(=O)CCC(NC(=O)C(Cc1ccccc1)NC(=O)CNC(=O)CCc1ccccc1)C(=O)NC1CCCCC1 → EI = 0.279
f1 shape: (1,)
2025-05-16 18:09:35,554 - INFO -   True f = 0.6079
2025-05-16 18:09:35,722 - INFO - Iter time: 10.41s
2025-05-16 18:09:35,722 - INFO - 
--- Iter 199 (train size=209) ---
2025-05-16 18:09:45,227 - INFO - Selected Cc1ccc(C(=O)NCC(=O)OC(C)C(=O)NC2CCCc3ccccc32)cc1 → EI = 0.2782
f1 shape: (1,)
2025-05-16 18:09:45,228 - INFO -   True f = 0.5614
2025-05-16 18:09:45,393 - INFO - Iter time: 9.67s
